<?xml version="1.0" encoding="UTF-8"?>
<!-- Generated by org.testng.reporters.JUnitXMLReporter -->
<testsuite ignored="0" hostname="RahulK-Tech" failures="0" tests="3" name="Default test" time="114.189" errors="0" timestamp="2024-11-20T11:30:02 IST">
  <testcase classname="com.mystore.testcases.TC_ProductPageTest" name="verifyBuyProduct" time="65.329"/>
  <testcase classname="com.mystore.testcases.TC_ProductPageTest" name="verifySearchProduct" time="16.08"/>
  <testcase classname="com.mystore.testcases.TC_ProductPageTest" name="verifyToAddWishlistProduct" time="17.613"/>
</testsuite> <!-- Default test -->
