<?xml version="1.0" encoding="UTF-8"?>
<testng-results ignored="0" total="3" passed="3" failed="0" skipped="0">
  <reporter-output>
  </reporter-output>
  <suite started-at="2024-11-21T14:11:39 IST" name="Suite" finished-at="2024-11-21T14:13:28 IST" duration-ms="109070">
    <groups>
    </groups>
    <test started-at="2024-11-21T14:11:39 IST" name="Test" finished-at="2024-11-21T14:13:28 IST" duration-ms="109070">
      <class name="com.mystore.testcases.TC_ProductPageTest">
        <test-method is-config="true" signature="setUp()[pri:0, instance:com.mystore.testcases.TC_ProductPageTest@5b239d7d]" started-at="2024-11-21T14:11:39 IST" name="setUp" finished-at="2024-11-21T14:11:51 IST" duration-ms="11724" status="PASS">
          <reporter-output>
          </reporter-output>
        </test-method> <!-- setUp -->
        <test-method signature="verifyBuyProduct()[pri:0, instance:com.mystore.testcases.TC_ProductPageTest@5b239d7d]" started-at="2024-11-21T14:11:51 IST" name="verifyBuyProduct" finished-at="2024-11-21T14:12:51 IST" duration-ms="59898" status="PASS">
          <reporter-output>
          </reporter-output>
        </test-method> <!-- verifyBuyProduct -->
        <test-method signature="verifySearchProduct()[pri:0, instance:com.mystore.testcases.TC_ProductPageTest@5b239d7d]" started-at="2024-11-21T14:12:51 IST" name="verifySearchProduct" finished-at="2024-11-21T14:13:05 IST" duration-ms="14044" status="PASS">
          <reporter-output>
          </reporter-output>
        </test-method> <!-- verifySearchProduct -->
        <test-method signature="verifyToAddWishlistProduct()[pri:0, instance:com.mystore.testcases.TC_ProductPageTest@5b239d7d]" started-at="2024-11-21T14:13:05 IST" name="verifyToAddWishlistProduct" finished-at="2024-11-21T14:13:25 IST" duration-ms="19663" status="PASS">
          <reporter-output>
          </reporter-output>
        </test-method> <!-- verifyToAddWishlistProduct -->
        <test-method is-config="true" signature="closeBrowser()[pri:0, instance:com.mystore.testcases.TC_ProductPageTest@5b239d7d]" started-at="2024-11-21T14:13:25 IST" name="closeBrowser" finished-at="2024-11-21T14:13:28 IST" duration-ms="3379" status="PASS">
          <reporter-output>
          </reporter-output>
        </test-method> <!-- closeBrowser -->
      </class> <!-- com.mystore.testcases.TC_ProductPageTest -->
    </test> <!-- Test -->
  </suite> <!-- Suite -->
</testng-results>
